************************************************************************
*                    START MULTIPLE-STRUCTURE FITTING                  *
*    FROM AN ENSEMBLE of CONFORMATIONS USING MONTE CARLO ALGORITHM.    *
************************************************************************
*************************Reading Parameters:****************************

 Reading the input file for MC fitting: multiFitMC.inp
#
#  input file for the GeneticAlgorithmFit to find multi-structure solution from RDC data
#
MCSteps: 1000000              // maximum number of MC steps
nPrints: 1000                 // number of steps for printing
MCSeed:  11234                // seed for MC random number generator
minError: 0.05                // minimum R factor for stop simulation
nmrExpFile: RDCs_exp.dat      // file store experimental NMR data
numNMRPoints:  15             // total number of NMR data points
nmrConfFile: RDCs_sorted.dat  // pre-calculated nmr data from unique structures
numConfs:  1026               // total number of unique structures
rankCtrl: R                   // rank control, 'D': RMSD, 'N': normalized RMSD, "R": R factor
randomMethod: 0               // random method for weighting
 Done with reading parameters.
 MC step = 0 best R factor = 0.115161
 MC step = 1000 best R factor = 0.0820919
 MC step = 2000 best R factor = 0.0800319
 MC step = 3000 best R factor = 0.0800319
 MC step = 4000 best R factor = 0.0800319
 MC step = 5000 best R factor = 0.0800319
 MC step = 6000 best R factor = 0.0800319
 MC step = 7000 best R factor = 0.0800319
 MC step = 8000 best R factor = 0.0800319
 MC step = 9000 best R factor = 0.0800319
 MC step = 10000 best R factor = 0.0800319
 MC step = 11000 best R factor = 0.0800319
 MC step = 12000 best R factor = 0.0800319
 MC step = 13000 best R factor = 0.0800319
 MC step = 14000 best R factor = 0.0800319
 MC step = 15000 best R factor = 0.0800319
 MC step = 16000 best R factor = 0.0800319
 MC step = 17000 best R factor = 0.0800319
 MC step = 18000 best R factor = 0.0800319
 MC step = 19000 best R factor = 0.0800319
 MC step = 20000 best R factor = 0.0800319
 MC step = 21000 best R factor = 0.0800319
 MC step = 22000 best R factor = 0.0800319
 MC step = 23000 best R factor = 0.0800319
 MC step = 24000 best R factor = 0.0800319
 MC step = 25000 best R factor = 0.0800319
 MC step = 26000 best R factor = 0.0800319
 MC step = 27000 best R factor = 0.0800319
 MC step = 28000 best R factor = 0.0800319
 MC step = 29000 best R factor = 0.0800319
 MC step = 30000 best R factor = 0.0800319
 MC step = 31000 best R factor = 0.0800319
 MC step = 32000 best R factor = 0.0800319
 MC step = 33000 best R factor = 0.0800319
 MC step = 34000 best R factor = 0.0800319
 MC step = 35000 best R factor = 0.0800319
 MC step = 36000 best R factor = 0.0800319
 MC step = 37000 best R factor = 0.0800319
 MC step = 38000 best R factor = 0.0800319
 MC step = 39000 best R factor = 0.0800319
 MC step = 40000 best R factor = 0.0800319
 MC step = 41000 best R factor = 0.0800319
 MC step = 42000 best R factor = 0.0800319
 MC step = 43000 best R factor = 0.0800319
 MC step = 44000 best R factor = 0.0800319
 MC step = 45000 best R factor = 0.0800319
 MC step = 46000 best R factor = 0.0800319
 MC step = 47000 best R factor = 0.0800319
 MC step = 48000 best R factor = 0.0800319
 MC step = 49000 best R factor = 0.0800319
 MC step = 50000 best R factor = 0.0800319
 MC step = 51000 best R factor = 0.0800319
 MC step = 52000 best R factor = 0.0800319
 MC step = 53000 best R factor = 0.0800319
 MC step = 54000 best R factor = 0.0800319
 MC step = 55000 best R factor = 0.0800319
 MC step = 56000 best R factor = 0.0800319
 MC step = 57000 best R factor = 0.0800319
 MC step = 58000 best R factor = 0.0800319
 MC step = 59000 best R factor = 0.0800319
 MC step = 60000 best R factor = 0.0800319
 MC step = 61000 best R factor = 0.0800319
 MC step = 62000 best R factor = 0.0799953
 MC step = 63000 best R factor = 0.0799953
 MC step = 64000 best R factor = 0.0799953
 MC step = 65000 best R factor = 0.0799953
 MC step = 66000 best R factor = 0.0799953
 MC step = 67000 best R factor = 0.0799953
 MC step = 68000 best R factor = 0.0799953
 MC step = 69000 best R factor = 0.0799953
 MC step = 70000 best R factor = 0.0799953
 MC step = 71000 best R factor = 0.0799953
 MC step = 72000 best R factor = 0.0799953
 MC step = 73000 best R factor = 0.0799953
 MC step = 74000 best R factor = 0.0799953
 MC step = 75000 best R factor = 0.0799953
 MC step = 76000 best R factor = 0.0799953
 MC step = 77000 best R factor = 0.0797505
 MC step = 78000 best R factor = 0.0797505
 MC step = 79000 best R factor = 0.0797505
 MC step = 80000 best R factor = 0.0797505
 MC step = 81000 best R factor = 0.0797505
 MC step = 82000 best R factor = 0.0797505
 MC step = 83000 best R factor = 0.0797505
 MC step = 84000 best R factor = 0.0797505
 MC step = 85000 best R factor = 0.0797505
 MC step = 86000 best R factor = 0.0797505
 MC step = 87000 best R factor = 0.0797505
 MC step = 88000 best R factor = 0.0797505
 MC step = 89000 best R factor = 0.0797505
 MC step = 90000 best R factor = 0.0797505
 MC step = 91000 best R factor = 0.0797505
 MC step = 92000 best R factor = 0.0797505
 MC step = 93000 best R factor = 0.0797505
 MC step = 94000 best R factor = 0.0797505
 MC step = 95000 best R factor = 0.0797505
 MC step = 96000 best R factor = 0.0797505
 MC step = 97000 best R factor = 0.0797505
 MC step = 98000 best R factor = 0.0797505
 MC step = 99000 best R factor = 0.0797505
 MC step = 100000 best R factor = 0.0797505
 MC step = 101000 best R factor = 0.0797505
 MC step = 102000 best R factor = 0.0797505
 MC step = 103000 best R factor = 0.0797505
 MC step = 104000 best R factor = 0.0797505
 MC step = 105000 best R factor = 0.0797505
 MC step = 106000 best R factor = 0.0797505
 MC step = 107000 best R factor = 0.0797505
 MC step = 108000 best R factor = 0.0797505
 MC step = 109000 best R factor = 0.0797505
 MC step = 110000 best R factor = 0.0797505
 MC step = 111000 best R factor = 0.0797505
 MC step = 112000 best R factor = 0.0797505
 MC step = 113000 best R factor = 0.0797505
 MC step = 114000 best R factor = 0.0797505
 MC step = 115000 best R factor = 0.0797505
 MC step = 116000 best R factor = 0.0797505
 MC step = 117000 best R factor = 0.0797505
 MC step = 118000 best R factor = 0.0797505
 MC step = 119000 best R factor = 0.0797505
 MC step = 120000 best R factor = 0.0797505
 MC step = 121000 best R factor = 0.0797505
 MC step = 122000 best R factor = 0.0797505
 MC step = 123000 best R factor = 0.0797505
 MC step = 124000 best R factor = 0.0797505
 MC step = 125000 best R factor = 0.0797505
 MC step = 126000 best R factor = 0.0797505
 MC step = 127000 best R factor = 0.0797505
 MC step = 128000 best R factor = 0.0797505
 MC step = 129000 best R factor = 0.0797505
 MC step = 130000 best R factor = 0.0797505
 MC step = 131000 best R factor = 0.0797505
 MC step = 132000 best R factor = 0.0797505
 MC step = 133000 best R factor = 0.0797505
 MC step = 134000 best R factor = 0.0797505
 MC step = 135000 best R factor = 0.0797505
 MC step = 136000 best R factor = 0.0797505
 MC step = 137000 best R factor = 0.0797505
 MC step = 138000 best R factor = 0.079728
 MC step = 139000 best R factor = 0.079728
 MC step = 140000 best R factor = 0.079728
 MC step = 141000 best R factor = 0.079728
 MC step = 142000 best R factor = 0.079728
 MC step = 143000 best R factor = 0.079728
 MC step = 144000 best R factor = 0.079728
 MC step = 145000 best R factor = 0.079728
 MC step = 146000 best R factor = 0.079728
 MC step = 147000 best R factor = 0.079728
 MC step = 148000 best R factor = 0.079728
 MC step = 149000 best R factor = 0.079728
 MC step = 150000 best R factor = 0.079728
 MC step = 151000 best R factor = 0.079728
 MC step = 152000 best R factor = 0.079728
 MC step = 153000 best R factor = 0.079728
 MC step = 154000 best R factor = 0.079728
 MC step = 155000 best R factor = 0.079728
 MC step = 156000 best R factor = 0.079728
 MC step = 157000 best R factor = 0.079728
 MC step = 158000 best R factor = 0.079728
 MC step = 159000 best R factor = 0.079728
 MC step = 160000 best R factor = 0.079728
 MC step = 161000 best R factor = 0.079728
 MC step = 162000 best R factor = 0.079728
 MC step = 163000 best R factor = 0.079728
 MC step = 164000 best R factor = 0.079728
 MC step = 165000 best R factor = 0.079728
 MC step = 166000 best R factor = 0.079728
 MC step = 167000 best R factor = 0.079728
 MC step = 168000 best R factor = 0.079728
 MC step = 169000 best R factor = 0.079728
 MC step = 170000 best R factor = 0.079728
 MC step = 171000 best R factor = 0.079728
 MC step = 172000 best R factor = 0.079728
 MC step = 173000 best R factor = 0.079728
 MC step = 174000 best R factor = 0.079728
 MC step = 175000 best R factor = 0.079728
 MC step = 176000 best R factor = 0.079728
 MC step = 177000 best R factor = 0.079728
 MC step = 178000 best R factor = 0.079728
 MC step = 179000 best R factor = 0.079728
 MC step = 180000 best R factor = 0.079728
 MC step = 181000 best R factor = 0.079728
 MC step = 182000 best R factor = 0.079728
 MC step = 183000 best R factor = 0.079728
 MC step = 184000 best R factor = 0.079728
 MC step = 185000 best R factor = 0.079728
 MC step = 186000 best R factor = 0.079728
 MC step = 187000 best R factor = 0.079728
 MC step = 188000 best R factor = 0.079728
 MC step = 189000 best R factor = 0.079728
 MC step = 190000 best R factor = 0.079728
 MC step = 191000 best R factor = 0.079728
 MC step = 192000 best R factor = 0.079728
 MC step = 193000 best R factor = 0.079728
 MC step = 194000 best R factor = 0.079728
 MC step = 195000 best R factor = 0.079728
 MC step = 196000 best R factor = 0.079728
 MC step = 197000 best R factor = 0.079728
 MC step = 198000 best R factor = 0.079728
 MC step = 199000 best R factor = 0.079728
 MC step = 200000 best R factor = 0.079728
 MC step = 201000 best R factor = 0.079728
 MC step = 202000 best R factor = 0.079728
 MC step = 203000 best R factor = 0.079728
 MC step = 204000 best R factor = 0.079728
 MC step = 205000 best R factor = 0.079728
 MC step = 206000 best R factor = 0.079728
 MC step = 207000 best R factor = 0.079728
 MC step = 208000 best R factor = 0.079728
 MC step = 209000 best R factor = 0.079728
 MC step = 210000 best R factor = 0.079728
 MC step = 211000 best R factor = 0.079728
 MC step = 212000 best R factor = 0.079728
 MC step = 213000 best R factor = 0.079728
 MC step = 214000 best R factor = 0.079728
 MC step = 215000 best R factor = 0.079728
 MC step = 216000 best R factor = 0.079728
 MC step = 217000 best R factor = 0.079728
 MC step = 218000 best R factor = 0.079728
 MC step = 219000 best R factor = 0.079728
 MC step = 220000 best R factor = 0.079728
 MC step = 221000 best R factor = 0.079728
 MC step = 222000 best R factor = 0.079728
 MC step = 223000 best R factor = 0.079728
 MC step = 224000 best R factor = 0.079728
 MC step = 225000 best R factor = 0.079728
 MC step = 226000 best R factor = 0.079728
 MC step = 227000 best R factor = 0.079728
 MC step = 228000 best R factor = 0.079728
 MC step = 229000 best R factor = 0.079728
 MC step = 230000 best R factor = 0.079728
 MC step = 231000 best R factor = 0.079728
 MC step = 232000 best R factor = 0.079728
 MC step = 233000 best R factor = 0.079728
 MC step = 234000 best R factor = 0.079728
 MC step = 235000 best R factor = 0.079728
 MC step = 236000 best R factor = 0.079728
 MC step = 237000 best R factor = 0.079728
 MC step = 238000 best R factor = 0.079728
 MC step = 239000 best R factor = 0.079728
 MC step = 240000 best R factor = 0.079728
 MC step = 241000 best R factor = 0.079728
 MC step = 242000 best R factor = 0.079728
 MC step = 243000 best R factor = 0.079728
 MC step = 244000 best R factor = 0.079728
 MC step = 245000 best R factor = 0.079728
 MC step = 246000 best R factor = 0.079728
 MC step = 247000 best R factor = 0.079728
 MC step = 248000 best R factor = 0.079728
 MC step = 249000 best R factor = 0.079728
 MC step = 250000 best R factor = 0.079728
 MC step = 251000 best R factor = 0.079728
 MC step = 252000 best R factor = 0.079728
 MC step = 253000 best R factor = 0.079728
 MC step = 254000 best R factor = 0.079728
 MC step = 255000 best R factor = 0.079728
 MC step = 256000 best R factor = 0.079728
 MC step = 257000 best R factor = 0.079728
 MC step = 258000 best R factor = 0.079728
 MC step = 259000 best R factor = 0.079728
 MC step = 260000 best R factor = 0.079728
 MC step = 261000 best R factor = 0.079728
 MC step = 262000 best R factor = 0.079728
 MC step = 263000 best R factor = 0.079728
 MC step = 264000 best R factor = 0.079728
 MC step = 265000 best R factor = 0.079728
 MC step = 266000 best R factor = 0.079728
 MC step = 267000 best R factor = 0.079728
 MC step = 268000 best R factor = 0.079728
 MC step = 269000 best R factor = 0.079728
 MC step = 270000 best R factor = 0.079728
 MC step = 271000 best R factor = 0.079728
 MC step = 272000 best R factor = 0.079728
 MC step = 273000 best R factor = 0.079728
 MC step = 274000 best R factor = 0.079728
 MC step = 275000 best R factor = 0.079728
 MC step = 276000 best R factor = 0.079728
 MC step = 277000 best R factor = 0.079728
 MC step = 278000 best R factor = 0.079728
 MC step = 279000 best R factor = 0.079728
 MC step = 280000 best R factor = 0.079728
 MC step = 281000 best R factor = 0.079728
 MC step = 282000 best R factor = 0.079728
 MC step = 283000 best R factor = 0.079728
 MC step = 284000 best R factor = 0.079728
 MC step = 285000 best R factor = 0.079728
 MC step = 286000 best R factor = 0.079728
 MC step = 287000 best R factor = 0.079728
 MC step = 288000 best R factor = 0.079728
 MC step = 289000 best R factor = 0.079728
 MC step = 290000 best R factor = 0.079728
 MC step = 291000 best R factor = 0.079728
 MC step = 292000 best R factor = 0.079728
 MC step = 293000 best R factor = 0.079728
 MC step = 294000 best R factor = 0.079728
 MC step = 295000 best R factor = 0.079728
 MC step = 296000 best R factor = 0.079728
 MC step = 297000 best R factor = 0.079728
 MC step = 298000 best R factor = 0.079728
 MC step = 299000 best R factor = 0.079728
 MC step = 300000 best R factor = 0.079728
 MC step = 301000 best R factor = 0.079728
 MC step = 302000 best R factor = 0.079728
 MC step = 303000 best R factor = 0.0788173
 MC step = 304000 best R factor = 0.0788173
 MC step = 305000 best R factor = 0.0788173
 MC step = 306000 best R factor = 0.0788173
 MC step = 307000 best R factor = 0.0788173
 MC step = 308000 best R factor = 0.0788173
 MC step = 309000 best R factor = 0.0788173
 MC step = 310000 best R factor = 0.0788173
 MC step = 311000 best R factor = 0.0788173
 MC step = 312000 best R factor = 0.0788173
 MC step = 313000 best R factor = 0.0788173
 MC step = 314000 best R factor = 0.0788173
 MC step = 315000 best R factor = 0.0788173
 MC step = 316000 best R factor = 0.0788173
 MC step = 317000 best R factor = 0.0788173
 MC step = 318000 best R factor = 0.0788173
 MC step = 319000 best R factor = 0.0788173
 MC step = 320000 best R factor = 0.0788173
 MC step = 321000 best R factor = 0.0788173
 MC step = 322000 best R factor = 0.0788173
 MC step = 323000 best R factor = 0.0788173
 MC step = 324000 best R factor = 0.0788173
 MC step = 325000 best R factor = 0.0788173
 MC step = 326000 best R factor = 0.0788173
 MC step = 327000 best R factor = 0.0788173
 MC step = 328000 best R factor = 0.0788173
 MC step = 329000 best R factor = 0.0788173
 MC step = 330000 best R factor = 0.0788173
 MC step = 331000 best R factor = 0.0788173
 MC step = 332000 best R factor = 0.0788173
 MC step = 333000 best R factor = 0.0788173
 MC step = 334000 best R factor = 0.0788173
 MC step = 335000 best R factor = 0.0788173
 MC step = 336000 best R factor = 0.0788173
 MC step = 337000 best R factor = 0.0788173
 MC step = 338000 best R factor = 0.0788173
 MC step = 339000 best R factor = 0.0788173
 MC step = 340000 best R factor = 0.0788173
 MC step = 341000 best R factor = 0.0788173
 MC step = 342000 best R factor = 0.0788173
 MC step = 343000 best R factor = 0.0788173
 MC step = 344000 best R factor = 0.0788173
 MC step = 345000 best R factor = 0.0788173
 MC step = 346000 best R factor = 0.0788173
 MC step = 347000 best R factor = 0.0788173
 MC step = 348000 best R factor = 0.0788173
 MC step = 349000 best R factor = 0.0785827
 MC step = 350000 best R factor = 0.0785827
 MC step = 351000 best R factor = 0.0785827
 MC step = 352000 best R factor = 0.0785827
 MC step = 353000 best R factor = 0.0785827
 MC step = 354000 best R factor = 0.0785827
 MC step = 355000 best R factor = 0.0785827
 MC step = 356000 best R factor = 0.0785827
 MC step = 357000 best R factor = 0.0785827
 MC step = 358000 best R factor = 0.0785827
 MC step = 359000 best R factor = 0.0785827
 MC step = 360000 best R factor = 0.0785827
 MC step = 361000 best R factor = 0.0785827
 MC step = 362000 best R factor = 0.0785827
 MC step = 363000 best R factor = 0.0785827
 MC step = 364000 best R factor = 0.0785827
 MC step = 365000 best R factor = 0.0785827
 MC step = 366000 best R factor = 0.0785827
 MC step = 367000 best R factor = 0.0785827
 MC step = 368000 best R factor = 0.0785827
 MC step = 369000 best R factor = 0.0785827
 MC step = 370000 best R factor = 0.0785827
 MC step = 371000 best R factor = 0.0785827
 MC step = 372000 best R factor = 0.0785827
 MC step = 373000 best R factor = 0.0785827
 MC step = 374000 best R factor = 0.0785827
 MC step = 375000 best R factor = 0.0785827
 MC step = 376000 best R factor = 0.0785827
 MC step = 377000 best R factor = 0.0785827
 MC step = 378000 best R factor = 0.0785827
 MC step = 379000 best R factor = 0.0785827
 MC step = 380000 best R factor = 0.0785827
 MC step = 381000 best R factor = 0.0785827
 MC step = 382000 best R factor = 0.0785827
 MC step = 383000 best R factor = 0.0785827
 MC step = 384000 best R factor = 0.0785827
 MC step = 385000 best R factor = 0.0785827
 MC step = 386000 best R factor = 0.0785827
 MC step = 387000 best R factor = 0.0785827
 MC step = 388000 best R factor = 0.0785827
 MC step = 389000 best R factor = 0.0785827
 MC step = 390000 best R factor = 0.0785827
 MC step = 391000 best R factor = 0.0785827
 MC step = 392000 best R factor = 0.0785827
 MC step = 393000 best R factor = 0.0785827
 MC step = 394000 best R factor = 0.0785827
 MC step = 395000 best R factor = 0.0785827
 MC step = 396000 best R factor = 0.0785827
 MC step = 397000 best R factor = 0.0785827
 MC step = 398000 best R factor = 0.0785827
 MC step = 399000 best R factor = 0.0785827
 MC step = 400000 best R factor = 0.0785827
 MC step = 401000 best R factor = 0.0785827
 MC step = 402000 best R factor = 0.0785827
 MC step = 403000 best R factor = 0.0785827
 MC step = 404000 best R factor = 0.0785827
 MC step = 405000 best R factor = 0.0785827
 MC step = 406000 best R factor = 0.0785827
 MC step = 407000 best R factor = 0.0785827
 MC step = 408000 best R factor = 0.0785827
 MC step = 409000 best R factor = 0.0785827
 MC step = 410000 best R factor = 0.0785827
 MC step = 411000 best R factor = 0.0785827
 MC step = 412000 best R factor = 0.0785827
 MC step = 413000 best R factor = 0.0785827
 MC step = 414000 best R factor = 0.0785827
 MC step = 415000 best R factor = 0.0785827
 MC step = 416000 best R factor = 0.0785827
 MC step = 417000 best R factor = 0.0785827
 MC step = 418000 best R factor = 0.0785827
 MC step = 419000 best R factor = 0.0785827
 MC step = 420000 best R factor = 0.0785827
 MC step = 421000 best R factor = 0.0785827
 MC step = 422000 best R factor = 0.0785827
 MC step = 423000 best R factor = 0.0785827
 MC step = 424000 best R factor = 0.0785827
 MC step = 425000 best R factor = 0.0785827
 MC step = 426000 best R factor = 0.0785827
 MC step = 427000 best R factor = 0.0785827
 MC step = 428000 best R factor = 0.0785827
 MC step = 429000 best R factor = 0.0785827
 MC step = 430000 best R factor = 0.0785827
 MC step = 431000 best R factor = 0.0785827
 MC step = 432000 best R factor = 0.0785827
 MC step = 433000 best R factor = 0.0785827
 MC step = 434000 best R factor = 0.0785827
 MC step = 435000 best R factor = 0.0785827
 MC step = 436000 best R factor = 0.0785827
 MC step = 437000 best R factor = 0.0785827
 MC step = 438000 best R factor = 0.0785827
 MC step = 439000 best R factor = 0.0785827
 MC step = 440000 best R factor = 0.0785827
 MC step = 441000 best R factor = 0.0785827
 MC step = 442000 best R factor = 0.0785827
 MC step = 443000 best R factor = 0.0785827
 MC step = 444000 best R factor = 0.0785827
 MC step = 445000 best R factor = 0.0785827
 MC step = 446000 best R factor = 0.0785827
 MC step = 447000 best R factor = 0.0785827
 MC step = 448000 best R factor = 0.0785827
 MC step = 449000 best R factor = 0.0785827
 MC step = 450000 best R factor = 0.0785827
 MC step = 451000 best R factor = 0.0785827
 MC step = 452000 best R factor = 0.0785827
 MC step = 453000 best R factor = 0.0785827
 MC step = 454000 best R factor = 0.0785827
 MC step = 455000 best R factor = 0.0785827
 MC step = 456000 best R factor = 0.0785827
 MC step = 457000 best R factor = 0.0785827
 MC step = 458000 best R factor = 0.0785827
 MC step = 459000 best R factor = 0.0785827
 MC step = 460000 best R factor = 0.0785827
 MC step = 461000 best R factor = 0.0785827
 MC step = 462000 best R factor = 0.0785827
 MC step = 463000 best R factor = 0.0785827
 MC step = 464000 best R factor = 0.0785827
 MC step = 465000 best R factor = 0.0785827
 MC step = 466000 best R factor = 0.0785827
 MC step = 467000 best R factor = 0.0785827
 MC step = 468000 best R factor = 0.0785827
 MC step = 469000 best R factor = 0.0785827
 MC step = 470000 best R factor = 0.0785827
 MC step = 471000 best R factor = 0.0785827
 MC step = 472000 best R factor = 0.0785827
 MC step = 473000 best R factor = 0.0785827
 MC step = 474000 best R factor = 0.0785827
 MC step = 475000 best R factor = 0.0785827
 MC step = 476000 best R factor = 0.0785827
 MC step = 477000 best R factor = 0.0785827
 MC step = 478000 best R factor = 0.0785827
 MC step = 479000 best R factor = 0.0785827
 MC step = 480000 best R factor = 0.0785827
 MC step = 481000 best R factor = 0.0785827
 MC step = 482000 best R factor = 0.0785827
 MC step = 483000 best R factor = 0.0785827
 MC step = 484000 best R factor = 0.0785827
 MC step = 485000 best R factor = 0.0785827
 MC step = 486000 best R factor = 0.0785827
 MC step = 487000 best R factor = 0.0785827
 MC step = 488000 best R factor = 0.0785827
 MC step = 489000 best R factor = 0.0785827
 MC step = 490000 best R factor = 0.0785827
 MC step = 491000 best R factor = 0.0785827
 MC step = 492000 best R factor = 0.0785827
 MC step = 493000 best R factor = 0.0785827
 MC step = 494000 best R factor = 0.0785827
 MC step = 495000 best R factor = 0.0785827
 MC step = 496000 best R factor = 0.0785827
 MC step = 497000 best R factor = 0.0785827
 MC step = 498000 best R factor = 0.0785827
 MC step = 499000 best R factor = 0.0785827
 MC step = 500000 best R factor = 0.0785827
 MC step = 501000 best R factor = 0.0785827
 MC step = 502000 best R factor = 0.0785827
 MC step = 503000 best R factor = 0.0785827
 MC step = 504000 best R factor = 0.0785827
 MC step = 505000 best R factor = 0.0785827
 MC step = 506000 best R factor = 0.0785827
 MC step = 507000 best R factor = 0.0785827
 MC step = 508000 best R factor = 0.0785827
 MC step = 509000 best R factor = 0.0785827
 MC step = 510000 best R factor = 0.0785827
 MC step = 511000 best R factor = 0.0785827
 MC step = 512000 best R factor = 0.0785827
 MC step = 513000 best R factor = 0.0785827
 MC step = 514000 best R factor = 0.0785827
 MC step = 515000 best R factor = 0.0785827
 MC step = 516000 best R factor = 0.0785827
 MC step = 517000 best R factor = 0.0785827
 MC step = 518000 best R factor = 0.0785827
 MC step = 519000 best R factor = 0.0785827
 MC step = 520000 best R factor = 0.0785827
 MC step = 521000 best R factor = 0.0785827
 MC step = 522000 best R factor = 0.0785827
 MC step = 523000 best R factor = 0.0785827
 MC step = 524000 best R factor = 0.0785827
 MC step = 525000 best R factor = 0.0785827
 MC step = 526000 best R factor = 0.0785827
 MC step = 527000 best R factor = 0.0785827
 MC step = 528000 best R factor = 0.0785827
 MC step = 529000 best R factor = 0.0785827
 MC step = 530000 best R factor = 0.0785827
 MC step = 531000 best R factor = 0.0785827
 MC step = 532000 best R factor = 0.0785827
 MC step = 533000 best R factor = 0.0785827
 MC step = 534000 best R factor = 0.0785827
 MC step = 535000 best R factor = 0.0785827
 MC step = 536000 best R factor = 0.0785827
 MC step = 537000 best R factor = 0.0785827
 MC step = 538000 best R factor = 0.0785827
 MC step = 539000 best R factor = 0.0785827
 MC step = 540000 best R factor = 0.0785827
 MC step = 541000 best R factor = 0.0785827
 MC step = 542000 best R factor = 0.0785827
 MC step = 543000 best R factor = 0.0785827
 MC step = 544000 best R factor = 0.0785827
 MC step = 545000 best R factor = 0.0785827
 MC step = 546000 best R factor = 0.0785827
 MC step = 547000 best R factor = 0.0785827
 MC step = 548000 best R factor = 0.0785827
 MC step = 549000 best R factor = 0.0785827
 MC step = 550000 best R factor = 0.0785827
 MC step = 551000 best R factor = 0.0785827
 MC step = 552000 best R factor = 0.0785827
 MC step = 553000 best R factor = 0.0785827
 MC step = 554000 best R factor = 0.0785827
 MC step = 555000 best R factor = 0.0785827
 MC step = 556000 best R factor = 0.0785827
 MC step = 557000 best R factor = 0.0785827
 MC step = 558000 best R factor = 0.0785827
 MC step = 559000 best R factor = 0.0785827
 MC step = 560000 best R factor = 0.0785827
 MC step = 561000 best R factor = 0.0785827
 MC step = 562000 best R factor = 0.07729
 MC step = 563000 best R factor = 0.07729
 MC step = 564000 best R factor = 0.07729
 MC step = 565000 best R factor = 0.07729
 MC step = 566000 best R factor = 0.07729
 MC step = 567000 best R factor = 0.07729
 MC step = 568000 best R factor = 0.07729
 MC step = 569000 best R factor = 0.07729
 MC step = 570000 best R factor = 0.07729
 MC step = 571000 best R factor = 0.07729
 MC step = 572000 best R factor = 0.07729
 MC step = 573000 best R factor = 0.07729
 MC step = 574000 best R factor = 0.07729
 MC step = 575000 best R factor = 0.07729
 MC step = 576000 best R factor = 0.07729
 MC step = 577000 best R factor = 0.07729
 MC step = 578000 best R factor = 0.07729
 MC step = 579000 best R factor = 0.07729
 MC step = 580000 best R factor = 0.07729
 MC step = 581000 best R factor = 0.07729
 MC step = 582000 best R factor = 0.07729
 MC step = 583000 best R factor = 0.07729
 MC step = 584000 best R factor = 0.07729
 MC step = 585000 best R factor = 0.07729
 MC step = 586000 best R factor = 0.07729
 MC step = 587000 best R factor = 0.07729
 MC step = 588000 best R factor = 0.07729
 MC step = 589000 best R factor = 0.07729
 MC step = 590000 best R factor = 0.07729
 MC step = 591000 best R factor = 0.07729
 MC step = 592000 best R factor = 0.07729
 MC step = 593000 best R factor = 0.07729
 MC step = 594000 best R factor = 0.07729
 MC step = 595000 best R factor = 0.07729
 MC step = 596000 best R factor = 0.07729
 MC step = 597000 best R factor = 0.07729
 MC step = 598000 best R factor = 0.07729
 MC step = 599000 best R factor = 0.07729
 MC step = 600000 best R factor = 0.07729
 MC step = 601000 best R factor = 0.07729
 MC step = 602000 best R factor = 0.07729
 MC step = 603000 best R factor = 0.07729
 MC step = 604000 best R factor = 0.07729
 MC step = 605000 best R factor = 0.07729
 MC step = 606000 best R factor = 0.07729
 MC step = 607000 best R factor = 0.07729
 MC step = 608000 best R factor = 0.07729
 MC step = 609000 best R factor = 0.07729
 MC step = 610000 best R factor = 0.07729
 MC step = 611000 best R factor = 0.07729
 MC step = 612000 best R factor = 0.07729
 MC step = 613000 best R factor = 0.07729
 MC step = 614000 best R factor = 0.07729
 MC step = 615000 best R factor = 0.07729
 MC step = 616000 best R factor = 0.07729
 MC step = 617000 best R factor = 0.07729
 MC step = 618000 best R factor = 0.07729
 MC step = 619000 best R factor = 0.07729
 MC step = 620000 best R factor = 0.07729
 MC step = 621000 best R factor = 0.07729
 MC step = 622000 best R factor = 0.07729
 MC step = 623000 best R factor = 0.07729
 MC step = 624000 best R factor = 0.07729
 MC step = 625000 best R factor = 0.07729
 MC step = 626000 best R factor = 0.07729
 MC step = 627000 best R factor = 0.07729
 MC step = 628000 best R factor = 0.07729
 MC step = 629000 best R factor = 0.07729
 MC step = 630000 best R factor = 0.07729
 MC step = 631000 best R factor = 0.07729
 MC step = 632000 best R factor = 0.07729
 MC step = 633000 best R factor = 0.07729
 MC step = 634000 best R factor = 0.07729
 MC step = 635000 best R factor = 0.07729
 MC step = 636000 best R factor = 0.07729
 MC step = 637000 best R factor = 0.07729
 MC step = 638000 best R factor = 0.07729
 MC step = 639000 best R factor = 0.07729
 MC step = 640000 best R factor = 0.07729
 MC step = 641000 best R factor = 0.07729
 MC step = 642000 best R factor = 0.07729
 MC step = 643000 best R factor = 0.07729
 MC step = 644000 best R factor = 0.07729
 MC step = 645000 best R factor = 0.07729
 MC step = 646000 best R factor = 0.07729
 MC step = 647000 best R factor = 0.07729
 MC step = 648000 best R factor = 0.07729
 MC step = 649000 best R factor = 0.07729
 MC step = 650000 best R factor = 0.07729
 MC step = 651000 best R factor = 0.07729
 MC step = 652000 best R factor = 0.07729
 MC step = 653000 best R factor = 0.07729
 MC step = 654000 best R factor = 0.07729
 MC step = 655000 best R factor = 0.07729
 MC step = 656000 best R factor = 0.07729
 MC step = 657000 best R factor = 0.07729
 MC step = 658000 best R factor = 0.07729
 MC step = 659000 best R factor = 0.07729
 MC step = 660000 best R factor = 0.07729
 MC step = 661000 best R factor = 0.07729
 MC step = 662000 best R factor = 0.07729
 MC step = 663000 best R factor = 0.07729
 MC step = 664000 best R factor = 0.07729
 MC step = 665000 best R factor = 0.07729
 MC step = 666000 best R factor = 0.07729
 MC step = 667000 best R factor = 0.07729
 MC step = 668000 best R factor = 0.07729
 MC step = 669000 best R factor = 0.07729
 MC step = 670000 best R factor = 0.07729
 MC step = 671000 best R factor = 0.07729
 MC step = 672000 best R factor = 0.07729
 MC step = 673000 best R factor = 0.07729
 MC step = 674000 best R factor = 0.07729
 MC step = 675000 best R factor = 0.07729
 MC step = 676000 best R factor = 0.07729
 MC step = 677000 best R factor = 0.07729
 MC step = 678000 best R factor = 0.07729
 MC step = 679000 best R factor = 0.07729
 MC step = 680000 best R factor = 0.07729
 MC step = 681000 best R factor = 0.07729
 MC step = 682000 best R factor = 0.07729
 MC step = 683000 best R factor = 0.07729
 MC step = 684000 best R factor = 0.07729
 MC step = 685000 best R factor = 0.07729
 MC step = 686000 best R factor = 0.07729
 MC step = 687000 best R factor = 0.07729
 MC step = 688000 best R factor = 0.07729
 MC step = 689000 best R factor = 0.07729
 MC step = 690000 best R factor = 0.07729
 MC step = 691000 best R factor = 0.07729
 MC step = 692000 best R factor = 0.07729
 MC step = 693000 best R factor = 0.07729
 MC step = 694000 best R factor = 0.07729
 MC step = 695000 best R factor = 0.07729
 MC step = 696000 best R factor = 0.07729
 MC step = 697000 best R factor = 0.07729
 MC step = 698000 best R factor = 0.07729
 MC step = 699000 best R factor = 0.07729
 MC step = 700000 best R factor = 0.07729
 MC step = 701000 best R factor = 0.07729
 MC step = 702000 best R factor = 0.07729
 MC step = 703000 best R factor = 0.07729
 MC step = 704000 best R factor = 0.07729
 MC step = 705000 best R factor = 0.07729
 MC step = 706000 best R factor = 0.07729
 MC step = 707000 best R factor = 0.07729
 MC step = 708000 best R factor = 0.07729
 MC step = 709000 best R factor = 0.07729
 MC step = 710000 best R factor = 0.07729
 MC step = 711000 best R factor = 0.07729
 MC step = 712000 best R factor = 0.07729
 MC step = 713000 best R factor = 0.07729
 MC step = 714000 best R factor = 0.07729
 MC step = 715000 best R factor = 0.07729
 MC step = 716000 best R factor = 0.07729
 MC step = 717000 best R factor = 0.07729
 MC step = 718000 best R factor = 0.07729
 MC step = 719000 best R factor = 0.07729
 MC step = 720000 best R factor = 0.07729
 MC step = 721000 best R factor = 0.07729
 MC step = 722000 best R factor = 0.07729
 MC step = 723000 best R factor = 0.07729
 MC step = 724000 best R factor = 0.07729
 MC step = 725000 best R factor = 0.07729
 MC step = 726000 best R factor = 0.07729
 MC step = 727000 best R factor = 0.07729
 MC step = 728000 best R factor = 0.07729
 MC step = 729000 best R factor = 0.07729
 MC step = 730000 best R factor = 0.07729
 MC step = 731000 best R factor = 0.07729
 MC step = 732000 best R factor = 0.07729
 MC step = 733000 best R factor = 0.07729
 MC step = 734000 best R factor = 0.07729
 MC step = 735000 best R factor = 0.07729
 MC step = 736000 best R factor = 0.07729
 MC step = 737000 best R factor = 0.07729
 MC step = 738000 best R factor = 0.07729
 MC step = 739000 best R factor = 0.07729
 MC step = 740000 best R factor = 0.07729
 MC step = 741000 best R factor = 0.07729
 MC step = 742000 best R factor = 0.07729
 MC step = 743000 best R factor = 0.07729
 MC step = 744000 best R factor = 0.07729
 MC step = 745000 best R factor = 0.07729
 MC step = 746000 best R factor = 0.07729
 MC step = 747000 best R factor = 0.07729
 MC step = 748000 best R factor = 0.07729
 MC step = 749000 best R factor = 0.07729
 MC step = 750000 best R factor = 0.07729
 MC step = 751000 best R factor = 0.07729
 MC step = 752000 best R factor = 0.07729
 MC step = 753000 best R factor = 0.07729
 MC step = 754000 best R factor = 0.07729
 MC step = 755000 best R factor = 0.07729
 MC step = 756000 best R factor = 0.07729
 MC step = 757000 best R factor = 0.07729
 MC step = 758000 best R factor = 0.07729
 MC step = 759000 best R factor = 0.07729
 MC step = 760000 best R factor = 0.07729
 MC step = 761000 best R factor = 0.07729
 MC step = 762000 best R factor = 0.07729
 MC step = 763000 best R factor = 0.07729
 MC step = 764000 best R factor = 0.07729
 MC step = 765000 best R factor = 0.07729
 MC step = 766000 best R factor = 0.07729
 MC step = 767000 best R factor = 0.07729
 MC step = 768000 best R factor = 0.07729
 MC step = 769000 best R factor = 0.07729
 MC step = 770000 best R factor = 0.07729
 MC step = 771000 best R factor = 0.07729
 MC step = 772000 best R factor = 0.07729
 MC step = 773000 best R factor = 0.07729
 MC step = 774000 best R factor = 0.07729
 MC step = 775000 best R factor = 0.07729
 MC step = 776000 best R factor = 0.07729
 MC step = 777000 best R factor = 0.07729
 MC step = 778000 best R factor = 0.07729
 MC step = 779000 best R factor = 0.07729
 MC step = 780000 best R factor = 0.07729
 MC step = 781000 best R factor = 0.07729
 MC step = 782000 best R factor = 0.07729
 MC step = 783000 best R factor = 0.07729
 MC step = 784000 best R factor = 0.07729
 MC step = 785000 best R factor = 0.07729
 MC step = 786000 best R factor = 0.07729
 MC step = 787000 best R factor = 0.07729
 MC step = 788000 best R factor = 0.07729
 MC step = 789000 best R factor = 0.07729
 MC step = 790000 best R factor = 0.07729
 MC step = 791000 best R factor = 0.07729
 MC step = 792000 best R factor = 0.07729
 MC step = 793000 best R factor = 0.07729
 MC step = 794000 best R factor = 0.07729
 MC step = 795000 best R factor = 0.07729
 MC step = 796000 best R factor = 0.07729
 MC step = 797000 best R factor = 0.07729
 MC step = 798000 best R factor = 0.07729
 MC step = 799000 best R factor = 0.07729
 MC step = 800000 best R factor = 0.07729
 MC step = 801000 best R factor = 0.07729
 MC step = 802000 best R factor = 0.07729
 MC step = 803000 best R factor = 0.07729
 MC step = 804000 best R factor = 0.07729
 MC step = 805000 best R factor = 0.07729
 MC step = 806000 best R factor = 0.07729
 MC step = 807000 best R factor = 0.07729
 MC step = 808000 best R factor = 0.07729
 MC step = 809000 best R factor = 0.07729
 MC step = 810000 best R factor = 0.07729
 MC step = 811000 best R factor = 0.07729
 MC step = 812000 best R factor = 0.07729
 MC step = 813000 best R factor = 0.07729
 MC step = 814000 best R factor = 0.07729
 MC step = 815000 best R factor = 0.07729
 MC step = 816000 best R factor = 0.07729
 MC step = 817000 best R factor = 0.07729
 MC step = 818000 best R factor = 0.07729
 MC step = 819000 best R factor = 0.07729
 MC step = 820000 best R factor = 0.07729
 MC step = 821000 best R factor = 0.07729
 MC step = 822000 best R factor = 0.07729
 MC step = 823000 best R factor = 0.07729
 MC step = 824000 best R factor = 0.07729
 MC step = 825000 best R factor = 0.07729
 MC step = 826000 best R factor = 0.07729
 MC step = 827000 best R factor = 0.07729
 MC step = 828000 best R factor = 0.07729
 MC step = 829000 best R factor = 0.07729
 MC step = 830000 best R factor = 0.07729
 MC step = 831000 best R factor = 0.07729
 MC step = 832000 best R factor = 0.07729
 MC step = 833000 best R factor = 0.07729
 MC step = 834000 best R factor = 0.07729
 MC step = 835000 best R factor = 0.07729
 MC step = 836000 best R factor = 0.07729
 MC step = 837000 best R factor = 0.07729
 MC step = 838000 best R factor = 0.07729
 MC step = 839000 best R factor = 0.07729
 MC step = 840000 best R factor = 0.07729
 MC step = 841000 best R factor = 0.07729
 MC step = 842000 best R factor = 0.07729
 MC step = 843000 best R factor = 0.07729
 MC step = 844000 best R factor = 0.07729
 MC step = 845000 best R factor = 0.07729
 MC step = 846000 best R factor = 0.07729
 MC step = 847000 best R factor = 0.07729
 MC step = 848000 best R factor = 0.07729
 MC step = 849000 best R factor = 0.07729
 MC step = 850000 best R factor = 0.07729
 MC step = 851000 best R factor = 0.07729
 MC step = 852000 best R factor = 0.07729
 MC step = 853000 best R factor = 0.07729
 MC step = 854000 best R factor = 0.07729
 MC step = 855000 best R factor = 0.07729
 MC step = 856000 best R factor = 0.07729
 MC step = 857000 best R factor = 0.07729
 MC step = 858000 best R factor = 0.07729
 MC step = 859000 best R factor = 0.07729
 MC step = 860000 best R factor = 0.07729
 MC step = 861000 best R factor = 0.07729
 MC step = 862000 best R factor = 0.07729
 MC step = 863000 best R factor = 0.07729
 MC step = 864000 best R factor = 0.07729
 MC step = 865000 best R factor = 0.07729
 MC step = 866000 best R factor = 0.07729
 MC step = 867000 best R factor = 0.07729
 MC step = 868000 best R factor = 0.07729
 MC step = 869000 best R factor = 0.07729
 MC step = 870000 best R factor = 0.07729
 MC step = 871000 best R factor = 0.07729
 MC step = 872000 best R factor = 0.07729
 MC step = 873000 best R factor = 0.07729
 MC step = 874000 best R factor = 0.07729
 MC step = 875000 best R factor = 0.07729
 MC step = 876000 best R factor = 0.07729
 MC step = 877000 best R factor = 0.07729
 MC step = 878000 best R factor = 0.07729
 MC step = 879000 best R factor = 0.07729
 MC step = 880000 best R factor = 0.07729
 MC step = 881000 best R factor = 0.07729
 MC step = 882000 best R factor = 0.07729
 MC step = 883000 best R factor = 0.07729
 MC step = 884000 best R factor = 0.07729
 MC step = 885000 best R factor = 0.07729
 MC step = 886000 best R factor = 0.07729
 MC step = 887000 best R factor = 0.07729
 MC step = 888000 best R factor = 0.07729
 MC step = 889000 best R factor = 0.07729
 MC step = 890000 best R factor = 0.07729
 MC step = 891000 best R factor = 0.07729
 MC step = 892000 best R factor = 0.07729
 MC step = 893000 best R factor = 0.07729
 MC step = 894000 best R factor = 0.07729
 MC step = 895000 best R factor = 0.07729
 MC step = 896000 best R factor = 0.07729
 MC step = 897000 best R factor = 0.07729
 MC step = 898000 best R factor = 0.07729
 MC step = 899000 best R factor = 0.07729
 MC step = 900000 best R factor = 0.07729
 MC step = 901000 best R factor = 0.07729
 MC step = 902000 best R factor = 0.07729
 MC step = 903000 best R factor = 0.07729
 MC step = 904000 best R factor = 0.07729
 MC step = 905000 best R factor = 0.07729
 MC step = 906000 best R factor = 0.07729
 MC step = 907000 best R factor = 0.07729
 MC step = 908000 best R factor = 0.07729
 MC step = 909000 best R factor = 0.07729
 MC step = 910000 best R factor = 0.07729
 MC step = 911000 best R factor = 0.07729
 MC step = 912000 best R factor = 0.07729
 MC step = 913000 best R factor = 0.07729
 MC step = 914000 best R factor = 0.07729
 MC step = 915000 best R factor = 0.07729
 MC step = 916000 best R factor = 0.07729
 MC step = 917000 best R factor = 0.07729
 MC step = 918000 best R factor = 0.07729
 MC step = 919000 best R factor = 0.07729
 MC step = 920000 best R factor = 0.07729
 MC step = 921000 best R factor = 0.07729
 MC step = 922000 best R factor = 0.07729
 MC step = 923000 best R factor = 0.07729
 MC step = 924000 best R factor = 0.07729
 MC step = 925000 best R factor = 0.07729
 MC step = 926000 best R factor = 0.07729
 MC step = 927000 best R factor = 0.07729
 MC step = 928000 best R factor = 0.07729
 MC step = 929000 best R factor = 0.07729
 MC step = 930000 best R factor = 0.07729
 MC step = 931000 best R factor = 0.07729
 MC step = 932000 best R factor = 0.07729
 MC step = 933000 best R factor = 0.07729
 MC step = 934000 best R factor = 0.07729
 MC step = 935000 best R factor = 0.07729
 MC step = 936000 best R factor = 0.07729
 MC step = 937000 best R factor = 0.07729
 MC step = 938000 best R factor = 0.07729
 MC step = 939000 best R factor = 0.07729
 MC step = 940000 best R factor = 0.07729
 MC step = 941000 best R factor = 0.07729
 MC step = 942000 best R factor = 0.07729
 MC step = 943000 best R factor = 0.07729
 MC step = 944000 best R factor = 0.07729
 MC step = 945000 best R factor = 0.07729
 MC step = 946000 best R factor = 0.07729
 MC step = 947000 best R factor = 0.07729
 MC step = 948000 best R factor = 0.07729
 MC step = 949000 best R factor = 0.07729
 MC step = 950000 best R factor = 0.07729
 MC step = 951000 best R factor = 0.07729
 MC step = 952000 best R factor = 0.07729
 MC step = 953000 best R factor = 0.07729
 MC step = 954000 best R factor = 0.07729
 MC step = 955000 best R factor = 0.07729
 MC step = 956000 best R factor = 0.07729
 MC step = 957000 best R factor = 0.07729
 MC step = 958000 best R factor = 0.07729
 MC step = 959000 best R factor = 0.07729
 MC step = 960000 best R factor = 0.07729
 MC step = 961000 best R factor = 0.07729
 MC step = 962000 best R factor = 0.07729
 MC step = 963000 best R factor = 0.07729
 MC step = 964000 best R factor = 0.07729
 MC step = 965000 best R factor = 0.07729
 MC step = 966000 best R factor = 0.07729
 MC step = 967000 best R factor = 0.07729
 MC step = 968000 best R factor = 0.07729
 MC step = 969000 best R factor = 0.07729
 MC step = 970000 best R factor = 0.07729
 MC step = 971000 best R factor = 0.07729
 MC step = 972000 best R factor = 0.07729
 MC step = 973000 best R factor = 0.07729
 MC step = 974000 best R factor = 0.07729
 MC step = 975000 best R factor = 0.07729
 MC step = 976000 best R factor = 0.07729
 MC step = 977000 best R factor = 0.07729
 MC step = 978000 best R factor = 0.07729
 MC step = 979000 best R factor = 0.07729
 MC step = 980000 best R factor = 0.07729
 MC step = 981000 best R factor = 0.07729
 MC step = 982000 best R factor = 0.07729
 MC step = 983000 best R factor = 0.07729
 MC step = 984000 best R factor = 0.07729
 MC step = 985000 best R factor = 0.07729
 MC step = 986000 best R factor = 0.07729
 MC step = 987000 best R factor = 0.07729
 MC step = 988000 best R factor = 0.07729
 MC step = 989000 best R factor = 0.07729
 MC step = 990000 best R factor = 0.07729
 MC step = 991000 best R factor = 0.07729
 MC step = 992000 best R factor = 0.07729
 MC step = 993000 best R factor = 0.07729
 MC step = 994000 best R factor = 0.07729
 MC step = 995000 best R factor = 0.07729
 MC step = 996000 best R factor = 0.07729
 MC step = 997000 best R factor = 0.07729
 MC step = 998000 best R factor = 0.07729
 MC step = 999000 best R factor = 0.07729
 Maximum MC step reached, the best R factor = 0.07729 in MC step = 1000000
 Done with the searching of the multi-structure solution for the NMR data.
***********************Output the CPU time information:*****************
 The CPU time for this search is 18 seconds.
