         1        92        0.10057        0.51200
         2       498        0.11858        0.00000
         3        38        0.12357        0.00000
         4       569        0.12797        0.00000
         5       330        0.12816        0.00000
         6       293        0.12860        0.00000
         7       170        0.13405        0.00000
         8       264        0.13742        0.00000
         9       584        0.14510        0.00000
        10       355        0.14611        0.00000
        11       927        0.15012        0.00000
        12       157        0.15207        0.05340
        13       784        0.15412        0.00000
        14        71        0.15518        0.00000
        15       735        0.15875        0.00000
        16       144        0.15947        0.00000
        17       120        0.16417        0.13033
        18       539        0.16490        0.00000
        19       620        0.16688        0.00000
        20        45        0.16731        0.00000
        21       699        0.16976        0.00000
        22        61        0.17106        0.00000
        23       748        0.17121        0.00000
        24       295        0.17293        0.00000
        25       742        0.17592        0.00000
        26       573        0.17613        0.00000
        27       113        0.17787        0.19309
        28       173        0.17829        0.00000
        29       526        0.17984        0.00000
        30        10        0.18029        0.00000
        31       920        0.18116        0.00000
        32       375        0.18123        0.11118
        33       928        0.18183        0.00000
        34       146        0.18220        0.00000
        35       754        0.18229        0.00000
        36       537        0.18432        0.00000
        37       480        0.18445        0.00000
        38       551        0.18634        0.00000
        39       134        0.18845        0.00000
        40       548        0.18856        0.00000
        41       596        0.19025        0.00000
        42       306        0.19323        0.00000
        43       712        0.19374        0.00000
        44       193        0.19533        0.00000
        45       176        0.19568        0.00000
        46       684        0.19633        0.00000
        47       116        0.19695        0.00000
        48       644        0.19800        0.00000
        49       106        0.20013        0.00000
        50       924        0.20163        0.00000
        51       160        0.20166        0.00000
        52       660        0.20191        0.00000
        53       289        0.20208        0.00000
        54       752        0.20227        0.00000
        55       364        0.20232        0.00000
        56       477        0.20244        0.00000
        57        48        0.20459        0.00000
        58       899        0.20514        0.00000
        59       713        0.20723        0.00000
        60        94        0.20774        0.00000
        61         5        0.20808        0.00000
        62       561        0.21047        0.00000
        63       892        0.21162        0.00000
        64        15        0.21182        0.00000
        65       901        0.21494        0.00000
        66       685        0.21540        0.00000
        67       210        0.21632        0.00000
        68       104        0.21641        0.00000
        69        40        0.21734        0.00000
        70       617        0.21780        0.00000
        71       311        0.21790        0.00000
        72       351        0.22019        0.00000
        73        90        0.22035        0.00000
        74       971        0.22074        0.00000
        75       121        0.22170        0.00000
        76        33        0.22170        0.00000
        77        76        0.22208        0.00000
        78       221        0.22250        0.00000
        79        58        0.22307        0.00000
        80       458        0.22317        0.00000
        81        99        0.22362        0.00000
        82        81        0.22387        0.00000
        83       585        0.22457        0.00000
        84       268        0.22509        0.00000
        85       203        0.22542        0.00000
        86        60        0.22563        0.00000
        87        42        0.22658        0.00000
        88       127        0.22752        0.00000
        89       142        0.22753        0.00000
        90       628        0.22769        0.00000
        91       808        0.22806        0.00000
        92       408        0.22914        0.00000
        93       857        0.22944        0.00000
        94       184        0.23019        0.00000
        95       220        0.23344        0.00000
        96       805        0.23422        0.00000
        97       230        0.23423        0.00000
        98       728        0.23499        0.00000
        99        21        0.23697        0.00000
       100       402        0.23753        0.00000
       101       605        0.23812        0.00000
       102       756        0.23839        0.00000
       103       553        0.23858        0.00000
       104       148        0.23874        0.00000
       105       570        0.23881        0.00000
       106        43        0.23910        0.00000
       107       896        0.24034        0.00000
       108        74        0.24120        0.00000
       109       984        0.24125        0.00000
       110       166        0.24195        0.00000
       111       878        0.24261        0.00000
       112       379        0.24272        0.00000
       113       235        0.24307        0.00000
       114       437        0.24308        0.00000
       115       562        0.24321        0.00000
       116       515        0.24356        0.00000
       117         9        0.24462        0.00000
       118       715        0.24473        0.00000
       119       942        0.24606        0.00000
       120       231        0.24745        0.00000
       121       101        0.24861        0.00000
       122       417        0.24915        0.00000
       123       906        0.24985        0.00000
       124       616        0.25040        0.00000
       125       590        0.25217        0.00000
       126        41        0.25323        0.00000
       127       508        0.25404        0.00000
       128       601        0.25457        0.00000
       129       111        0.25482        0.00000
       130      1014        0.25607        0.00000
       131       272        0.25630        0.00000
       132       143        0.25637        0.00000
       133       777        0.25690        0.00000
       134       297        0.25769        0.00000
       135       727        0.25777        0.00000
       136       174        0.25782        0.00000
       137       768        0.25889        0.00000
       138        64        0.25895        0.00000
       139       340        0.25972        0.00000
       140       258        0.25982        0.00000
       141        73        0.26013        0.00000
       142       443        0.26063        0.00000
       143       914        0.26067        0.00000
       144       834        0.26141        0.00000
       145       818        0.26145        0.00000
       146        75        0.26167        0.00000
       147       182        0.26206        0.00000
       148       545        0.26211        0.00000
       149        50        0.26221        0.00000
       150       247        0.26250        0.00000
       151       597        0.26410        0.00000
       152        62        0.26497        0.00000
       153       687        0.26543        0.00000
       154       151        0.26604        0.00000
       155       991        0.26667        0.00000
       156       711        0.26676        0.00000
       157       774        0.26689        0.00000
       158        70        0.26743        0.00000
       159        95        0.26788        0.00000
       160       673        0.26915        0.00000
       161       314        0.26928        0.00000
       162       347        0.26940        0.00000
       163       864        0.26955        0.00000
       164       285        0.27017        0.00000
       165       979        0.27072        0.00000
       166       108        0.27104        0.00000
       167       760        0.27138        0.00000
       168       149        0.27161        0.00000
       169       822        0.27221        0.00000
       170       842        0.27326        0.00000
       171        97        0.27390        0.00000
       172       824        0.27460        0.00000
       173       500        0.27510        0.00000
       174        91        0.27533        0.00000
       175       868        0.27707        0.00000
       176       126        0.27732        0.00000
       177       424        0.27755        0.00000
       178       582        0.27798        0.00000
       179       981        0.27801        0.00000
       180       429        0.27804        0.00000
       181       725        0.27813        0.00000
       182       227        0.27818        0.00000
       183       267        0.27823        0.00000
       184       376        0.27843        0.00000
       185       509        0.27873        0.00000
       186       858        0.27873        0.00000
       187       107        0.27925        0.00000
       188        49        0.27925        0.00000
       189       269        0.27939        0.00000
       190       599        0.27980        0.00000
       191       167        0.28017        0.00000
       192       190        0.28027        0.00000
       193       425        0.28044        0.00000
       194       262        0.28055        0.00000
       195       324        0.28072        0.00000
       196       404        0.28096        0.00000
       197       649        0.28100        0.00000
       198       564        0.28142        0.00000
       199       384        0.28162        0.00000
       200       433        0.28207        0.00000
       201       804        0.28264        0.00000
       202       670        0.28304        0.00000
       203       533        0.28411        0.00000
       204        20        0.28461        0.00000
       205       181        0.28529        0.00000
       206       501        0.28571        0.00000
       207       187        0.28576        0.00000
       208       378        0.28589        0.00000
       209       140        0.28592        0.00000
       210       710        0.28608        0.00000
       211       598        0.28680        0.00000
       212       178        0.28698        0.00000
       213       682        0.28750        0.00000
       214       385        0.28808        0.00000
       215        39        0.28854        0.00000
       216       200        0.28985        0.00000
       217       153        0.29123        0.00000
       218       195        0.29297        0.00000
       219       308        0.29320        0.00000
       220       320        0.29342        0.00000
       221       577        0.29350        0.00000
       222       951        0.29386        0.00000
       223       832        0.29406        0.00000
       224       801        0.29547        0.00000
       225      1021        0.29558        0.00000
       226       952        0.29558        0.00000
       227      1013        0.29594        0.00000
       228       434        0.29718        0.00000
       229        57        0.29727        0.00000
       230       159        0.29784        0.00000
       231       165        0.29862        0.00000
       232       426        0.29866        0.00000
       233       132        0.29885        0.00000
       234        93        0.29964        0.00000
       235       260        0.29987        0.00000
       236       163        0.30022        0.00000
       237       201        0.30027        0.00000
       238       255        0.30083        0.00000
       239       772        0.30092        0.00000
       240       990        0.30107        0.00000
       241       626        0.30122        0.00000
       242        69        0.30136        0.00000
       243       474        0.30186        0.00000
       244        14        0.30292        0.00000
       245        11        0.30303        0.00000
       246       870        0.30335        0.00000
       247       549        0.30397        0.00000
       248       214        0.30418        0.00000
       249       246        0.30434        0.00000
       250       634        0.30478        0.00000
       251       164        0.30479        0.00000
       252       851        0.30488        0.00000
       253       392        0.30632        0.00000
       254       494        0.30724        0.00000
       255       646        0.30885        0.00000
       256       186        0.30951        0.00000
       257       256        0.30956        0.00000
       258       862        0.30973        0.00000
       259       138        0.31008        0.00000
       260       310        0.31038        0.00000
       261       341        0.31052        0.00000
       262       117        0.31183        0.00000
       263       629        0.31185        0.00000
       264       707        0.31223        0.00000
       265       538        0.31265        0.00000
       266       114        0.31323        0.00000
       267       959        0.31425        0.00000
       268       554        0.31440        0.00000
       269        67        0.31443        0.00000
       270       226        0.31526        0.00000
       271       372        0.31591        0.00000
       272       457        0.31593        0.00000
       273       368        0.31645        0.00000
       274        24        0.31669        0.00000
       275       344        0.31708        0.00000
       276        55        0.31751        0.00000
       277       512        0.31777        0.00000
       278        54        0.31788        0.00000
       279        82        0.31802        0.00000
       280       694        0.31890        0.00000
       281       520        0.31919        0.00000
       282       493        0.31978        0.00000
       283        72        0.31984        0.00000
       284        19        0.32007        0.00000
       285       228        0.32017        0.00000
       286       135        0.32049        0.00000
       287       691        0.32069        0.00000
       288       904        0.32076        0.00000
       289       636        0.32190        0.00000
       290       319        0.32214        0.00000
       291       522        0.32295        0.00000
       292       348        0.32305        0.00000
       293       456        0.32334        0.00000
       294       198        0.32400        0.00000
       295        65        0.32492        0.00000
       296        51        0.32595        0.00000
       297       631        0.32595        0.00000
       298       828        0.32629        0.00000
       299       956        0.32698        0.00000
       300       374        0.32724        0.00000
       301       349        0.32819        0.00000
       302       613        0.32878        0.00000
       303       123        0.32887        0.00000
       304       360        0.32957        0.00000
       305       704        0.32966        0.00000
       306       880        0.33127        0.00000
       307       600        0.33145        0.00000
       308       444        0.33208        0.00000
       309       677        0.33211        0.00000
       310       353        0.33214        0.00000
       311       202        0.33217        0.00000
       312       860        0.33225        0.00000
       313       213        0.33346        0.00000
       314       338        0.33389        0.00000
       315       524        0.33405        0.00000
       316       534        0.33408        0.00000
       317       152        0.33415        0.00000
       318       547        0.33448        0.00000
       319       350        0.33527        0.00000
       320       658        0.33539        0.00000
       321       640        0.33541        0.00000
       322        63        0.33632        0.00000
       323       315        0.33656        0.00000
       324      1025        0.33669        0.00000
       325       903        0.33699        0.00000
       326       399        0.33706        0.00000
       327       528        0.33748        0.00000
       328       406        0.33753        0.00000
       329       102        0.33759        0.00000
       330       466        0.33804        0.00000
       331       206        0.33873        0.00000
       332        96        0.33895        0.00000
       333       313        0.33900        0.00000
       334       797        0.33983        0.00000
       335       632        0.34063        0.00000
       336       329        0.34095        0.00000
       337       383        0.34163        0.00000
       338      1010        0.34211        0.00000
       339       823        0.34360        0.00000
       340       671        0.34466        0.00000
       341       100        0.34488        0.00000
       342       879        0.34587        0.00000
       343       814        0.34598        0.00000
       344       361        0.34603        0.00000
       345       519        0.34603        0.00000
       346        66        0.34625        0.00000
       347       321        0.34750        0.00000
       348       947        0.34787        0.00000
       349      1006        0.34825        0.00000
       350       527        0.34846        0.00000
       351       122        0.34899        0.00000
       352       495        0.34915        0.00000
       353       468        0.34959        0.00000
       354       277        0.34968        0.00000
       355       431        0.34984        0.00000
       356       154        0.35046        0.00000
       357       650        0.35052        0.00000
       358       316        0.35053        0.00000
       359       847        0.35087        0.00000
       360       792        0.35089        0.00000
       361       359        0.35132        0.00000
       362       874        0.35164        0.00000
       363       279        0.35183        0.00000
       364       175        0.35185        0.00000
       365       848        0.35216        0.00000
       366       948        0.35218        0.00000
       367       566        0.35329        0.00000
       368       755        0.35355        0.00000
       369      1008        0.35359        0.00000
       370        86        0.35363        0.00000
       371      1002        0.35452        0.00000
       372        47        0.35473        0.00000
       373      1016        0.35473        0.00000
       374      1024        0.35588        0.00000
       375       334        0.35590        0.00000
       376       898        0.35627        0.00000
       377       972        0.35633        0.00000
       378       935        0.35696        0.00000
       379       881        0.35753        0.00000
       380       594        0.35773        0.00000
       381       189        0.35773        0.00000
       382        13        0.35791        0.00000
       383       112        0.35796        0.00000
       384       839        0.35839        0.00000
       385       809        0.35875        0.00000
       386       398        0.35888        0.00000
       387      1022        0.35889        0.00000
       388       409        0.35917        0.00000
       389       307        0.35963        0.00000
       390       552        0.35979        0.00000
       391       891        0.35999        0.00000
       392       322        0.36021        0.00000
       393       357        0.36022        0.00000
       394       197        0.36094        0.00000
       395       886        0.36095        0.00000
       396       888        0.36122        0.00000
       397       678        0.36134        0.00000
       398       572        0.36176        0.00000
       399       621        0.36190        0.00000
       400       871        0.36264        0.00000
       401       558        0.36267        0.00000
       402       936        0.36302        0.00000
       403       656        0.36326        0.00000
       404       476        0.36352        0.00000
       405       327        0.36413        0.00000
       406      1020        0.36451        0.00000
       407       242        0.36455        0.00000
       408        25        0.36478        0.00000
       409       693        0.36518        0.00000
       410       907        0.36546        0.00000
       411        30        0.36575        0.00000
       412       893        0.36585        0.00000
       413       461        0.36587        0.00000
       414       240        0.36633        0.00000
       415       371        0.36706        0.00000
       416       454        0.36762        0.00000
       417      1001        0.36858        0.00000
       418       483        0.36875        0.00000
       419       479        0.36885        0.00000
       420      1019        0.36982        0.00000
       421       657        0.37082        0.00000
       422       781        0.37135        0.00000
       423       977        0.37156        0.00000
       424       724        0.37162        0.00000
       425       985        0.37228        0.00000
       426        52        0.37238        0.00000
       427       199        0.37283        0.00000
       428       995        0.37283        0.00000
       429       884        0.37303        0.00000
       430       339        0.37340        0.00000
       431       944        0.37575        0.00000
       432       609        0.37604        0.00000
       433       830        0.37614        0.00000
       434       141        0.37624        0.00000
       435       734        0.37698        0.00000
       436       407        0.37774        0.00000
       437       897        0.37788        0.00000
       438        77        0.37852        0.00000
       439       916        0.37917        0.00000
       440       683        0.37920        0.00000
       441       447        0.37936        0.00000
       442       472        0.37964        0.00000
       443        37        0.38053        0.00000
       444       887        0.38061        0.00000
       445       708        0.38151        0.00000
       446       900        0.38192        0.00000
       447       194        0.38245        0.00000
       448       811        0.38348        0.00000
       449       471        0.38396        0.00000
       450       365        0.38409        0.00000
       451       826        0.38425        0.00000
       452       403        0.38433        0.00000
       453       388        0.38444        0.00000
       454       370        0.38472        0.00000
       455       196        0.38494        0.00000
       456       290        0.38579        0.00000
       457       343        0.38617        0.00000
       458       986        0.38640        0.00000
       459       740        0.38661        0.00000
       460       664        0.38674        0.00000
       461       633        0.38691        0.00000
       462       819        0.38732        0.00000
       463       676        0.38741        0.00000
       464       799        0.38770        0.00000
       465       506        0.38788        0.00000
       466       964        0.38834        0.00000
       467       820        0.38853        0.00000
       468       641        0.38859        0.00000
       469       802        0.38873        0.00000
       470       412        0.38899        0.00000
       471       581        0.38918        0.00000
       472       955        0.38925        0.00000
       473       859        0.38932        0.00000
       474       391        0.38939        0.00000
       475       846        0.38979        0.00000
       476       931        0.39116        0.00000
       477       435        0.39129        0.00000
       478       869        0.39175        0.00000
       479       296        0.39331        0.00000
       480       595        0.39399        0.00000
       481       497        0.39496        0.00000
       482       482        0.39501        0.00000
       483       889        0.39519        0.00000
       484       883        0.39549        0.00000
       485       737        0.39557        0.00000
       486       729        0.39752        0.00000
       487       274        0.39766        0.00000
       488       757        0.40112        0.00000
       489       837        0.40149        0.00000
       490       309        0.40327        0.00000
       491       653        0.40387        0.00000
       492       771        0.40512        0.00000
       493       925        0.40609        0.00000
       494       703        0.40674        0.00000
       495       866        0.40711        0.00000
       496       511        0.40894        0.00000
       497       323        0.40894        0.00000
       498       523        0.41014        0.00000
       499       963        0.41052        0.00000
       500       890        0.41070        0.00000
       501       161        0.41100        0.00000
       502       949        0.41132        0.00000
       503       921        0.41297        0.00000
       504        88        0.41391        0.00000
       505       992        0.41408        0.00000
       506       773        0.41470        0.00000
       507       750        0.41570        0.00000
       508       994        0.41610        0.00000
       509        46        0.41642        0.00000
       510       276        0.41660        0.00000
       511       556        0.41711        0.00000
       512       608        0.41719        0.00000
       513       168        0.41792        0.00000
       514       445        0.41817        0.00000
       515        59        0.41832        0.00000
       516       674        0.41933        0.00000
       517        29        0.41972        0.00000
       518      1015        0.42168        0.00000
       519      1007        0.42352        0.00000
       520       902        0.42472        0.00000
       521       615        0.42519        0.00000
       522       325        0.42656        0.00000
       523       441        0.42664        0.00000
       524       237        0.42700        0.00000
       525       259        0.42768        0.00000
       526       776        0.42820        0.00000
       527      1003        0.42872        0.00000
       528       747        0.42904        0.00000
       529       624        0.42910        0.00000
       530       281        0.42919        0.00000
       531       389        0.42957        0.00000
       532       147        0.43029        0.00000
       533       450        0.43050        0.00000
       534       395        0.43059        0.00000
       535       490        0.43075        0.00000
       536       875        0.43129        0.00000
       537       882        0.43152        0.00000
       538       555        0.43230        0.00000
       539       663        0.43308        0.00000
       540       996        0.43349        0.00000
       541       502        0.43363        0.00000
       542        87        0.43372        0.00000
       543       536        0.43402        0.00000
       544       118        0.43412        0.00000
       545       800        0.43447        0.00000
       546         8        0.43578        0.00000
       547       418        0.43609        0.00000
       548        98        0.43801        0.00000
       549       304        0.43895        0.00000
       550       815        0.43916        0.00000
       551        68        0.44089        0.00000
       552       718        0.44171        0.00000
       553        36        0.44190        0.00000
       554       354        0.44243        0.00000
       555       571        0.44245        0.00000
       556       155        0.44428        0.00000
       557       586        0.44479        0.00000
       558       719        0.44490        0.00000
       559       449        0.44569        0.00000
       560       612        0.44651        0.00000
       561       540        0.44730        0.00000
       562       411        0.44969        0.00000
       563       667        0.44991        0.00000
       564       128        0.45035        0.00000
       565       192        0.45091        0.00000
       566       937        0.45121        0.00000
       567       507        0.45127        0.00000
       568       929        0.45142        0.00000
       569       394        0.45205        0.00000
       570        44        0.45240        0.00000
       571       439        0.45245        0.00000
       572       423        0.45247        0.00000
       573       934        0.45293        0.00000
       574       764        0.45303        0.00000
       575       342        0.45318        0.00000
       576       918        0.45406        0.00000
       577       999        0.45424        0.00000
       578       950        0.45468        0.00000
       579       618        0.45579        0.00000
       580       419        0.45632        0.00000
       581       421        0.45671        0.00000
       582       438        0.45719        0.00000
       583       638        0.45824        0.00000
       584       807        0.45938        0.00000
       585       150        0.45964        0.00000
       586       283        0.45984        0.00000
       587       945        0.46012        0.00000
       588       244        0.46100        0.00000
       589       716        0.46128        0.00000
       590       496        0.46182        0.00000
       591       333        0.46260        0.00000
       592      1000        0.46266        0.00000
       593       232        0.46373        0.00000
       594       530        0.46522        0.00000
       595       105        0.46579        0.00000
       596       611        0.46788        0.00000
       597       692        0.46941        0.00000
       598       885        0.46958        0.00000
       599       462        0.47128        0.00000
       600       812        0.47240        0.00000
       601       786        0.47248        0.00000
       602       795        0.47334        0.00000
       603       770        0.47338        0.00000
       604       367        0.47470        0.00000
       605       130        0.47476        0.00000
       606        31        0.47506        0.00000
       607       587        0.47559        0.00000
       608       207        0.47789        0.00000
       609        22        0.47789        0.00000
       610       455        0.47825        0.00000
       611       651        0.47899        0.00000
       612       998        0.47987        0.00000
       613       978        0.47991        0.00000
       614       574        0.48094        0.00000
       615       957        0.48129        0.00000
       616       850        0.48138        0.00000
       617       275        0.48176        0.00000
       618       110        0.48277        0.00000
       619       410        0.48458        0.00000
       620       988        0.48947        0.00000
       621       222        0.48962        0.00000
       622       709        0.48985        0.00000
       623      1005        0.48988        0.00000
       624       464        0.49052        0.00000
       625       336        0.49059        0.00000
       626       518        0.49124        0.00000
       627       852        0.49156        0.00000
       628       514        0.49331        0.00000
       629       162        0.49400        0.00000
       630       785        0.49460        0.00000
       631       736        0.49464        0.00000
       632        53        0.49643        0.00000
       633       473        0.49686        0.00000
       634       204        0.49953        0.00000
       635       763        0.49978        0.00000
       636       377        0.50120        0.00000
       637       380        0.50151        0.00000
       638       753        0.50199        0.00000
       639       714        0.50246        0.00000
       640       953        0.50317        0.00000
       641       639        0.50321        0.00000
       642       249        0.50357        0.00000
       643        26        0.50367        0.00000
       644       133        0.50540        0.00000
       645       294        0.50629        0.00000
       646       932        0.50737        0.00000
       647       730        0.50801        0.00000
       648       317        0.50838        0.00000
       649         7        0.51123        0.00000
       650       855        0.51365        0.00000
       651        32        0.51553        0.00000
       652       872        0.51611        0.00000
       653       432        0.51819        0.00000
       654       401        0.51961        0.00000
       655       720        0.51996        0.00000
       656      1009        0.52077        0.00000
       657       563        0.52099        0.00000
       658       745        0.52148        0.00000
       659       686        0.52167        0.00000
       660       877        0.52205        0.00000
       661       312        0.52229        0.00000
       662       546        0.52231        0.00000
       663       266        0.52282        0.00000
       664       652        0.52351        0.00000
       665       567        0.52520        0.00000
       666       352        0.52535        0.00000
       667       954        0.52701        0.00000
       668       245        0.52726        0.00000
       669       541        0.52815        0.00000
       670       253        0.52930        0.00000
       671       470        0.53029        0.00000
       672       836        0.53071        0.00000
       673       997        0.53079        0.00000
       674       669        0.53085        0.00000
       675       475        0.53154        0.00000
       676       744        0.53173        0.00000
       677       589        0.53217        0.00000
       678        84        0.53230        0.00000
       679       732        0.53347        0.00000
       680       778        0.53535        0.00000
       681       291        0.53540        0.00000
       682       723        0.53560        0.00000
       683       583        0.53579        0.00000
       684       854        0.53596        0.00000
       685       125        0.53660        0.00000
       686       780        0.53677        0.00000
       687       286        0.53678        0.00000
       688       436        0.53702        0.00000
       689       813        0.53785        0.00000
       690       303        0.53805        0.00000
       691       970        0.53835        0.00000
       692       513        0.53930        0.00000
       693       358        0.54033        0.00000
       694        34        0.54094        0.00000
       695       158        0.54100        0.00000
       696       746        0.54200        0.00000
       697       225        0.54233        0.00000
       698       844        0.54290        0.00000
       699       943        0.54499        0.00000
       700       492        0.54529        0.00000
       701      1011        0.54535        0.00000
       702       876        0.54632        0.00000
       703       414        0.54633        0.00000
       704       787        0.54641        0.00000
       705       637        0.54786        0.00000
       706       675        0.54829        0.00000
       707       491        0.54917        0.00000
       708       505        0.55133        0.00000
       709       701        0.55445        0.00000
       710       982        0.55514        0.00000
       711         6        0.55740        0.00000
       712       446        0.55821        0.00000
       713       643        0.55896        0.00000
       714       301        0.55925        0.00000
       715       236        0.55975        0.00000
       716       292        0.56005        0.00000
       717       486        0.56010        0.00000
       718       467        0.56099        0.00000
       719       751        0.56200        0.00000
       720       840        0.56207        0.00000
       721       131        0.56211        0.00000
       722       766        0.56259        0.00000
       723       911        0.56291        0.00000
       724       459        0.56406        0.00000
       725       721        0.56671        0.00000
       726       305        0.56673        0.00000
       727       603        0.56720        0.00000
       728       731        0.56781        0.00000
       729       733        0.57023        0.00000
       730       665        0.57024        0.00000
       731       912        0.57030        0.00000
       732       254        0.57043        0.00000
       733       485        0.57068        0.00000
       734       215        0.57123        0.00000
       735       382        0.57178        0.00000
       736       940        0.57207        0.00000
       737       966        0.57315        0.00000
       738       913        0.57353        0.00000
       739       922        0.57598        0.00000
       740       796        0.57648        0.00000
       741       681        0.57720        0.00000
       742       103        0.57769        0.00000
       743       363        0.57769        0.00000
       744       335        0.57824        0.00000
       745       905        0.57831        0.00000
       746       619        0.57884        0.00000
       747       400        0.57996        0.00000
       748       782        0.58000        0.00000
       749       738        0.58089        0.00000
       750       565        0.58122        0.00000
       751       958        0.58131        0.00000
       752       602        0.58167        0.00000
       753       610        0.58192        0.00000
       754       396        0.58278        0.00000
       755       817        0.58289        0.00000
       756       741        0.58406        0.00000
       757       465        0.58464        0.00000
       758       205        0.58482        0.00000
       759       488        0.58509        0.00000
       760       386        0.58633        0.00000
       761       680        0.58654        0.00000
       762       177        0.58732        0.00000
       763      1004        0.58743        0.00000
       764      1012        0.58901        0.00000
       765       503        0.58970        0.00000
       766       726        0.58987        0.00000
       767       908        0.59009        0.00000
       768       654        0.59014        0.00000
       769       655        0.59024        0.00000
       770       593        0.59036        0.00000
       771       550        0.59043        0.00000
       772       831        0.59232        0.00000
       773       139        0.59234        0.00000
       774       427        0.59240        0.00000
       775       397        0.59285        0.00000
       776       789        0.59384        0.00000
       777       666        0.59398        0.00000
       778       798        0.59406        0.00000
       779       627        0.59452        0.00000
       780       191        0.59459        0.00000
       781       833        0.59494        0.00000
       782       961        0.59502        0.00000
       783       271        0.59600        0.00000
       784       821        0.59602        0.00000
       785       635        0.59647        0.00000
       786       234        0.59676        0.00000
       787       381        0.59791        0.00000
       788       413        0.59996        0.00000
       789       769        0.60057        0.00000
       790       532        0.60088        0.00000
       791       440        0.60103        0.00000
       792       180        0.60276        0.00000
       793       282        0.60285        0.00000
       794       967        0.60414        0.00000
       795       845        0.60444        0.00000
       796       422        0.60676        0.00000
       797       919        0.60683        0.00000
       798       453        0.60721        0.00000
       799       239        0.60758        0.00000
       800       973        0.60791        0.00000
       801       557        0.60828        0.00000
       802       531        0.60854        0.00000
       803       827        0.60935        0.00000
       804       987        0.60952        0.00000
       805       962        0.61030        0.00000
       806       917        0.61048        0.00000
       807       960        0.61087        0.00000
       808       568        0.61115        0.00000
       809       838        0.61290        0.00000
       810       661        0.61778        0.00000
       811       331        0.61850        0.00000
       812       575        0.61892        0.00000
       813       614        0.61932        0.00000
       814       806        0.61965        0.00000
       815       983        0.62085        0.00000
       816       588        0.62167        0.00000
       817       216        0.62172        0.00000
       818       705        0.62341        0.00000
       819       946        0.62410        0.00000
       820         1        0.62460        0.00000
       821       525        0.62479        0.00000
       822       218        0.62738        0.00000
       823       849        0.62752        0.00000
       824       761        0.62756        0.00000
       825       172        0.62954        0.00000
       826       251        0.63007        0.00000
       827       257        0.63149        0.00000
       828       843        0.63196        0.00000
       829       578        0.63332        0.00000
       830        78        0.63343        0.00000
       831       415        0.63444        0.00000
       832       405        0.63479        0.00000
       833       791        0.63600        0.00000
       834       930        0.63603        0.00000
       835      1023        0.63619        0.00000
       836       543        0.63638        0.00000
       837       263        0.63724        0.00000
       838       625        0.63784        0.00000
       839       579        0.63837        0.00000
       840       209        0.63851        0.00000
       841       779        0.63852        0.00000
       842       923        0.63859        0.00000
       843       941        0.63892        0.00000
       844       185        0.63976        0.00000
       845       463        0.64053        0.00000
       846       442        0.64054        0.00000
       847       346        0.64074        0.00000
       848       867        0.64148        0.00000
       849         3        0.64322        0.00000
       850       689        0.64458        0.00000
       851       499        0.64488        0.00000
       852       717        0.64514        0.00000
       853       478        0.64613        0.00000
       854       788        0.64643        0.00000
       855       697        0.64767        0.00000
       856       790        0.64816        0.00000
       857        12        0.64858        0.00000
       858        28        0.64977        0.00000
       859       287        0.65356        0.00000
       860       969        0.65417        0.00000
       861       975        0.65527        0.00000
       862       489        0.65538        0.00000
       863       270        0.65776        0.00000
       864       280        0.65780        0.00000
       865       416        0.65860        0.00000
       866       345        0.66058        0.00000
       867       647        0.66176        0.00000
       868      1017        0.66236        0.00000
       869       136        0.66291        0.00000
       870       428        0.66341        0.00000
       871       989        0.66416        0.00000
       872       739        0.66435        0.00000
       873       722        0.66449        0.00000
       874       698        0.66531        0.00000
       875       393        0.66551        0.00000
       876       645        0.66582        0.00000
       877       702        0.66591        0.00000
       878       188        0.66730        0.00000
       879       939        0.66830        0.00000
       880       938        0.66907        0.00000
       881       861        0.66910        0.00000
       882       224        0.67040        0.00000
       883       248        0.67277        0.00000
       884       124        0.67589        0.00000
       885       749        0.67601        0.00000
       886       910        0.67635        0.00000
       887       169        0.68069        0.00000
       888       765        0.68455        0.00000
       889       233        0.68501        0.00000
       890       965        0.68563        0.00000
       891       865        0.68580        0.00000
       892       794        0.68730        0.00000
       893       974        0.68878        0.00000
       894       460        0.68928        0.00000
       895       623        0.69184        0.00000
       896       250        0.69288        0.00000
       897       793        0.69480        0.00000
       898       980        0.69484        0.00000
       899       337        0.69563        0.00000
       900       535        0.69908        0.00000
       901       933        0.69933        0.00000
       902       420        0.70013        0.00000
       903       767        0.70230        0.00000
       904       630        0.70282        0.00000
       905       835        0.70303        0.00000
       906       659        0.70335        0.00000
       907       759        0.70393        0.00000
       908        85        0.70468        0.00000
       909       145        0.70477        0.00000
       910       758        0.70584        0.00000
       911       484        0.70779        0.00000
       912       302        0.70807        0.00000
       913       299        0.70813        0.00000
       914       825        0.70889        0.00000
       915       390        0.70959        0.00000
       916       451        0.71032        0.00000
       917       369        0.71086        0.00000
       918       229        0.71287        0.00000
       919       810        0.71301        0.00000
       920       700        0.71307        0.00000
       921       219        0.71352        0.00000
       922       803        0.71412        0.00000
       923       171        0.71672        0.00000
       924       273        0.71706        0.00000
       925        35        0.71811        0.00000
       926       265        0.72275        0.00000
       927       516        0.72349        0.00000
       928       217        0.72418        0.00000
       929        18        0.72642        0.00000
       930       452        0.73023        0.00000
       931       179        0.73134        0.00000
       932       909        0.73183        0.00000
       933       430        0.73206        0.00000
       934       696        0.73284        0.00000
       935       326        0.73444        0.00000
       936       816        0.73510        0.00000
       937       183        0.73656        0.00000
       938       373        0.73707        0.00000
       939       679        0.73784        0.00000
       940       119        0.73954        0.00000
       941       606        0.74255        0.00000
       942       318        0.74310        0.00000
       943       298        0.74505        0.00000
       944       252        0.74541        0.00000
       945       517        0.74587        0.00000
       946        56        0.74592        0.00000
       947       156        0.74771        0.00000
       948       356        0.74965        0.00000
       949       387        0.75084        0.00000
       950       510        0.75221        0.00000
       951        23        0.75273        0.00000
       952       648        0.75394        0.00000
       953       829        0.75670        0.00000
       954       993        0.75734        0.00000
       955       529        0.75811        0.00000
       956        17        0.75831        0.00000
       957       863        0.75899        0.00000
       958       743        0.75906        0.00000
       959       672        0.76161        0.00000
       960       604        0.76162        0.00000
       961       668        0.76326        0.00000
       962       241        0.76394        0.00000
       963       607        0.76401        0.00000
       964        16        0.76625        0.00000
       965       238        0.76630        0.00000
       966       662        0.76798        0.00000
       967       261        0.76811        0.00000
       968       288        0.76897        0.00000
       969       580        0.76936        0.00000
       970       775        0.76949        0.00000
       971       542        0.77026        0.00000
       972       243        0.77100        0.00000
       973        89        0.77124        0.00000
       974       332        0.77281        0.00000
       975       223        0.77746        0.00000
       976       212        0.77751        0.00000
       977       362        0.78105        0.00000
       978       115        0.78109        0.00000
       979       487        0.78294        0.00000
       980       622        0.78468        0.00000
       981         0        0.78903        0.00000
       982       284        0.79171        0.00000
       983       706        0.79181        0.00000
       984       642        0.79186        0.00000
       985         2        0.79616        0.00000
       986       109        0.79814        0.00000
       987       481        0.79941        0.00000
       988       521        0.80173        0.00000
       989       129        0.80625        0.00000
       990       137        0.80751        0.00000
       991       366        0.80809        0.00000
       992       469        0.80938        0.00000
       993       688        0.80987        0.00000
       994       783        0.81106        0.00000
       995        80        0.81232        0.00000
       996       544        0.81394        0.00000
       997       591        0.81440        0.00000
       998       448        0.81556        0.00000
       999       976        0.81647        0.00000
      1000       926        0.81693        0.00000
      1001       559        0.81897        0.00000
      1002      1018        0.81984        0.00000
      1003         4        0.82317        0.00000
      1004       895        0.82968        0.00000
      1005       300        0.83053        0.00000
      1006       592        0.83942        0.00000
      1007       690        0.84231        0.00000
      1008       762        0.84716        0.00000
      1009       968        0.84770        0.00000
      1010       695        0.85146        0.00000
      1011        27        0.85471        0.00000
      1012       560        0.85650        0.00000
      1013        79        0.85822        0.00000
      1014       278        0.86005        0.00000
      1015       894        0.86657        0.00000
      1016       841        0.87400        0.00000
      1017       504        0.87546        0.00000
      1018       328        0.87643        0.00000
      1019       853        0.88102        0.00000
      1020       873        0.88420        0.00000
      1021       915        0.89181        0.00000
      1022       576        0.90257        0.00000
      1023        83        0.90367        0.00000
      1024       208        0.91817        0.00000
      1025       856        0.92257        0.00000
      1026       211        0.98492        0.00000
